<?xml version="1.0" encoding="UTF-8"?>
<testng-results ignored="0" total="12" passed="12" failed="0" skipped="0">
  <reporter-output>
  </reporter-output>
  <suite started-at="2023-08-13T19:23:36 IST" name="Suite" finished-at="2023-08-13T19:23:38 IST" duration-ms="2028">
    <groups>
      <group name="cucumber">
        <method signature="AbstractTestNGCucumberTests.runScenario(io.cucumber.testng.PickleWrapper,io.cucumber.testng.FeatureWrapper)[pri:0, instance:b51Integrating_TestNG_in_Cucumber_MyRunner.MyRunner@3cebbb30]" name="runScenario" class="io.cucumber.testng.AbstractTestNGCucumberTests"/>
      </group> <!-- cucumber -->
    </groups>
    <test started-at="2023-08-13T19:23:36 IST" name="Test" finished-at="2023-08-13T19:23:38 IST" duration-ms="2028">
      <class name="b51Integrating_TestNG_in_Cucumber_MyRunner.MyRunner">
        <test-method is-config="true" signature="setUpClass(org.testng.ITestContext)[pri:0, instance:b51Integrating_TestNG_in_Cucumber_MyRunner.MyRunner@3cebbb30]" started-at="2023-08-13T19:23:36 IST" name="setUpClass" finished-at="2023-08-13T19:23:37 IST" duration-ms="1213" status="PASS">
          <params>
            <param index="0">
              <value>
                <![CDATA[org.testng.TestRunner@69ce2f62]]>
              </value>
            </param>
          </params>
          <reporter-output>
          </reporter-output>
        </test-method> <!-- setUpClass -->
        <test-method signature="runScenario(io.cucumber.testng.PickleWrapper,io.cucumber.testng.FeatureWrapper)[pri:0, instance:b51Integrating_TestNG_in_Cucumber_MyRunner.MyRunner@3cebbb30]" started-at="2023-08-13T19:23:37 IST" name="runScenario" description="Runs Cucumber Scenarios" data-provider="scenarios" finished-at="2023-08-13T19:23:37 IST" duration-ms="241" status="PASS">
          <params>
            <param index="0">
              <value>
                <![CDATA["Login with valid credentials"]]>
              </value>
            </param>
            <param index="1">
              <value>
                <![CDATA["User Login Successfully"]]>
              </value>
            </param>
          </params>
          <reporter-output>
          </reporter-output>
        </test-method> <!-- runScenario -->
        <test-method signature="runScenario(io.cucumber.testng.PickleWrapper,io.cucumber.testng.FeatureWrapper)[pri:0, instance:b51Integrating_TestNG_in_Cucumber_MyRunner.MyRunner@3cebbb30]" started-at="2023-08-13T19:23:37 IST" name="runScenario" description="Runs Cucumber Scenarios" data-provider="scenarios" finished-at="2023-08-13T19:23:37 IST" duration-ms="24" status="PASS">
          <params>
            <param index="0">
              <value>
                <![CDATA["Login with valid credentials"]]>
              </value>
            </param>
            <param index="1">
              <value>
                <![CDATA["User Login Successfully"]]>
              </value>
            </param>
          </params>
          <reporter-output>
          </reporter-output>
        </test-method> <!-- runScenario -->
        <test-method signature="runScenario(io.cucumber.testng.PickleWrapper,io.cucumber.testng.FeatureWrapper)[pri:0, instance:b51Integrating_TestNG_in_Cucumber_MyRunner.MyRunner@3cebbb30]" started-at="2023-08-13T19:23:37 IST" name="runScenario" description="Runs Cucumber Scenarios" data-provider="scenarios" finished-at="2023-08-13T19:23:37 IST" duration-ms="31" status="PASS">
          <params>
            <param index="0">
              <value>
                <![CDATA["Login with valid credentials"]]>
              </value>
            </param>
            <param index="1">
              <value>
                <![CDATA["User Login Successfully"]]>
              </value>
            </param>
          </params>
          <reporter-output>
          </reporter-output>
        </test-method> <!-- runScenario -->
        <test-method signature="runScenario(io.cucumber.testng.PickleWrapper,io.cucumber.testng.FeatureWrapper)[pri:0, instance:b51Integrating_TestNG_in_Cucumber_MyRunner.MyRunner@3cebbb30]" started-at="2023-08-13T19:23:37 IST" name="runScenario" description="Runs Cucumber Scenarios" data-provider="scenarios" finished-at="2023-08-13T19:23:38 IST" duration-ms="16" status="PASS">
          <params>
            <param index="0">
              <value>
                <![CDATA["Login with invalid credentials"]]>
              </value>
            </param>
            <param index="1">
              <value>
                <![CDATA["User Login Successfully"]]>
              </value>
            </param>
          </params>
          <reporter-output>
          </reporter-output>
        </test-method> <!-- runScenario -->
        <test-method signature="runScenario(io.cucumber.testng.PickleWrapper,io.cucumber.testng.FeatureWrapper)[pri:0, instance:b51Integrating_TestNG_in_Cucumber_MyRunner.MyRunner@3cebbb30]" started-at="2023-08-13T19:23:38 IST" name="runScenario" description="Runs Cucumber Scenarios" data-provider="scenarios" finished-at="2023-08-13T19:23:38 IST" duration-ms="14" status="PASS">
          <params>
            <param index="0">
              <value>
                <![CDATA["Login with valid email address and invalid password credentials"]]>
              </value>
            </param>
            <param index="1">
              <value>
                <![CDATA["User Login Successfully"]]>
              </value>
            </param>
          </params>
          <reporter-output>
          </reporter-output>
        </test-method> <!-- runScenario -->
        <test-method signature="runScenario(io.cucumber.testng.PickleWrapper,io.cucumber.testng.FeatureWrapper)[pri:0, instance:b51Integrating_TestNG_in_Cucumber_MyRunner.MyRunner@3cebbb30]" started-at="2023-08-13T19:23:38 IST" name="runScenario" description="Runs Cucumber Scenarios" data-provider="scenarios" finished-at="2023-08-13T19:23:38 IST" duration-ms="12" status="PASS">
          <params>
            <param index="0">
              <value>
                <![CDATA["Login with invalid email address and valid password credentials"]]>
              </value>
            </param>
            <param index="1">
              <value>
                <![CDATA["User Login Successfully"]]>
              </value>
            </param>
          </params>
          <reporter-output>
          </reporter-output>
        </test-method> <!-- runScenario -->
        <test-method signature="runScenario(io.cucumber.testng.PickleWrapper,io.cucumber.testng.FeatureWrapper)[pri:0, instance:b51Integrating_TestNG_in_Cucumber_MyRunner.MyRunner@3cebbb30]" started-at="2023-08-13T19:23:38 IST" name="runScenario" description="Runs Cucumber Scenarios" data-provider="scenarios" finished-at="2023-08-13T19:23:38 IST" duration-ms="15" status="PASS">
          <params>
            <param index="0">
              <value>
                <![CDATA["Login with invalid email address and invalid password credentials"]]>
              </value>
            </param>
            <param index="1">
              <value>
                <![CDATA["User Login Successfully"]]>
              </value>
            </param>
          </params>
          <reporter-output>
          </reporter-output>
        </test-method> <!-- runScenario -->
        <test-method signature="runScenario(io.cucumber.testng.PickleWrapper,io.cucumber.testng.FeatureWrapper)[pri:0, instance:b51Integrating_TestNG_in_Cucumber_MyRunner.MyRunner@3cebbb30]" started-at="2023-08-13T19:23:38 IST" name="runScenario" description="Runs Cucumber Scenarios" data-provider="scenarios" finished-at="2023-08-13T19:23:38 IST" duration-ms="19" status="PASS">
          <params>
            <param index="0">
              <value>
                <![CDATA["Login with without credentials"]]>
              </value>
            </param>
            <param index="1">
              <value>
                <![CDATA["User Login Successfully"]]>
              </value>
            </param>
          </params>
          <reporter-output>
          </reporter-output>
        </test-method> <!-- runScenario -->
        <test-method signature="runScenario(io.cucumber.testng.PickleWrapper,io.cucumber.testng.FeatureWrapper)[pri:0, instance:b51Integrating_TestNG_in_Cucumber_MyRunner.MyRunner@3cebbb30]" started-at="2023-08-13T19:23:38 IST" name="runScenario" description="Runs Cucumber Scenarios" data-provider="scenarios" finished-at="2023-08-13T19:23:38 IST" duration-ms="36" status="PASS">
          <params>
            <param index="0">
              <value>
                <![CDATA["Register with mandatory fields"]]>
              </value>
            </param>
            <param index="1">
              <value>
                <![CDATA["User Registeration"]]>
              </value>
            </param>
          </params>
          <reporter-output>
          </reporter-output>
        </test-method> <!-- runScenario -->
        <test-method signature="runScenario(io.cucumber.testng.PickleWrapper,io.cucumber.testng.FeatureWrapper)[pri:0, instance:b51Integrating_TestNG_in_Cucumber_MyRunner.MyRunner@3cebbb30]" started-at="2023-08-13T19:23:38 IST" name="runScenario" description="Runs Cucumber Scenarios" data-provider="scenarios" finished-at="2023-08-13T19:23:38 IST" duration-ms="15" status="PASS">
          <params>
            <param index="0">
              <value>
                <![CDATA["Register with All fields"]]>
              </value>
            </param>
            <param index="1">
              <value>
                <![CDATA["User Registeration"]]>
              </value>
            </param>
          </params>
          <reporter-output>
          </reporter-output>
        </test-method> <!-- runScenario -->
        <test-method signature="runScenario(io.cucumber.testng.PickleWrapper,io.cucumber.testng.FeatureWrapper)[pri:0, instance:b51Integrating_TestNG_in_Cucumber_MyRunner.MyRunner@3cebbb30]" started-at="2023-08-13T19:23:38 IST" name="runScenario" description="Runs Cucumber Scenarios" data-provider="scenarios" finished-at="2023-08-13T19:23:38 IST" duration-ms="15" status="PASS">
          <params>
            <param index="0">
              <value>
                <![CDATA["Register without giving any fields"]]>
              </value>
            </param>
            <param index="1">
              <value>
                <![CDATA["User Registeration"]]>
              </value>
            </param>
          </params>
          <reporter-output>
          </reporter-output>
        </test-method> <!-- runScenario -->
        <test-method signature="runScenario(io.cucumber.testng.PickleWrapper,io.cucumber.testng.FeatureWrapper)[pri:0, instance:b51Integrating_TestNG_in_Cucumber_MyRunner.MyRunner@3cebbb30]" started-at="2023-08-13T19:23:38 IST" name="runScenario" description="Runs Cucumber Scenarios" data-provider="scenarios" finished-at="2023-08-13T19:23:38 IST" duration-ms="11" status="PASS">
          <params>
            <param index="0">
              <value>
                <![CDATA["Register with duplicate fields"]]>
              </value>
            </param>
            <param index="1">
              <value>
                <![CDATA["User Registeration"]]>
              </value>
            </param>
          </params>
          <reporter-output>
          </reporter-output>
        </test-method> <!-- runScenario -->
        <test-method is-config="true" signature="tearDownClass()[pri:0, instance:b51Integrating_TestNG_in_Cucumber_MyRunner.MyRunner@3cebbb30]" started-at="2023-08-13T19:23:38 IST" name="tearDownClass" finished-at="2023-08-13T19:23:38 IST" duration-ms="215" status="PASS">
          <reporter-output>
          </reporter-output>
        </test-method> <!-- tearDownClass -->
      </class> <!-- b51Integrating_TestNG_in_Cucumber_MyRunner.MyRunner -->
    </test> <!-- Test -->
  </suite> <!-- Suite -->
</testng-results>
